-g
-Wall
-Werror
-Wextra
-c
srcs/ft_isalpha.c
-o
srcs/ft_isalpha.o
-g
-Wall
-Werror
-Wextra
-c
srcs/ft_isdigit.c
-o
srcs/ft_isdigit.o
-g
-Wall
-Werror
-Wextra
-c
srcs/ft_isalnum.c
-o
srcs/ft_isalnum.o
-g
-Wall
-Werror
-Wextra
-c
srcs/ft_isascii.c
-o
srcs/ft_isascii.o
-g
-Wall
-Werror
-Wextra
-c
srcs/ft_isprint.c
-o
srcs/ft_isprint.o
-g
-Wall
-Werror
-Wextra
-c
srcs/ft_toupper.c
-o
srcs/ft_toupper.o
-g
-Wall
-Werror
-Wextra
-c
srcs/ft_tolower.c
-o
srcs/ft_tolower.o
-g
-Wall
-Werror
-Wextra
-c
srcs/ft_memset.c
-o
srcs/ft_memset.o
-g
-Wall
-Werror
-Wextra
-c
srcs/ft_memchr.c
-o
srcs/ft_memchr.o
-g
-Wall
-Werror
-Wextra
-c
srcs/ft_memcmp.c
-o
srcs/ft_memcmp.o
-g
-Wall
-Werror
-Wextra
-c
srcs/ft_memcpy.c
-o
srcs/ft_memcpy.o
-g
-Wall
-Werror
-Wextra
-c
srcs/ft_memmove.c
-o
srcs/ft_memmove.o
-g
-Wall
-Werror
-Wextra
-c
srcs/ft_strchr.c
-o
srcs/ft_strchr.o
-g
-Wall
-Werror
-Wextra
-c
srcs/ft_strrchr.c
-o
srcs/ft_strrchr.o
-g
-Wall
-Werror
-Wextra
-c
srcs/ft_strlen.c
-o
srcs/ft_strlen.o
-g
-Wall
-Werror
-Wextra
-c
srcs/ft_strncmp.c
-o
srcs/ft_strncmp.o
-g
-Wall
-Werror
-Wextra
-c
srcs/ft_strnstr.c
-o
srcs/ft_strnstr.o
-g
-Wall
-Werror
-Wextra
-c
srcs/ft_strlcpy.c
-o
srcs/ft_strlcpy.o
-g
-Wall
-Werror
-Wextra
-c
srcs/ft_strlcat.c
-o
srcs/ft_strlcat.o
-g
-Wall
-Werror
-Wextra
-c
srcs/ft_bzero.c
-o
srcs/ft_bzero.o
-g
-Wall
-Werror
-Wextra
-c
srcs/ft_atoi.c
-o
srcs/ft_atoi.o
-g
-Wall
-Werror
-Wextra
-c
srcs/ft_strdup.c
-o
srcs/ft_strdup.o
-g
-Wall
-Werror
-Wextra
-c
srcs/ft_calloc.c
-o
srcs/ft_calloc.o
-g
-Wall
-Werror
-Wextra
-c
srcs/ft_substr.c
-o
srcs/ft_substr.o
-g
-Wall
-Werror
-Wextra
-c
srcs/ft_strjoin.c
-o
srcs/ft_strjoin.o
-g
-Wall
-Werror
-Wextra
-c
srcs/ft_strtrim.c
-o
srcs/ft_strtrim.o
-g
-Wall
-Werror
-Wextra
-c
srcs/ft_split.c
-o
srcs/ft_split.o
-g
-Wall
-Werror
-Wextra
-c
srcs/ft_itoa.c
-o
srcs/ft_itoa.o
-g
-Wall
-Werror
-Wextra
-o
libft
libft.c
-L.
-lft
-lbsd
-g
-Wall
-Werror
-Wextra
-c
srcs/ft_isalpha.c
-o
srcs/ft_isalpha.o
-g
-Wall
-Werror
-Wextra
-c
srcs/ft_isdigit.c
-o
srcs/ft_isdigit.o
-g
-Wall
-Werror
-Wextra
-c
srcs/ft_isalnum.c
-o
srcs/ft_isalnum.o
-g
-Wall
-Werror
-Wextra
-c
srcs/ft_isascii.c
-o
srcs/ft_isascii.o
-g
-Wall
-Werror
-Wextra
-c
srcs/ft_isprint.c
-o
srcs/ft_isprint.o
-g
-Wall
-Werror
-Wextra
-c
srcs/ft_toupper.c
-o
srcs/ft_toupper.o
-g
-Wall
-Werror
-Wextra
-c
srcs/ft_tolower.c
-o
srcs/ft_tolower.o
-g
-Wall
-Werror
-Wextra
-c
srcs/ft_memset.c
-o
srcs/ft_memset.o
-g
-Wall
-Werror
-Wextra
-c
srcs/ft_memchr.c
-o
srcs/ft_memchr.o
-g
-Wall
-Werror
-Wextra
-c
srcs/ft_memcmp.c
-o
srcs/ft_memcmp.o
-g
-Wall
-Werror
-Wextra
-c
srcs/ft_memcpy.c
-o
srcs/ft_memcpy.o
-g
-Wall
-Werror
-Wextra
-c
srcs/ft_memmove.c
-o
srcs/ft_memmove.o
-g
-Wall
-Werror
-Wextra
-c
srcs/ft_strchr.c
-o
srcs/ft_strchr.o
-g
-Wall
-Werror
-Wextra
-c
srcs/ft_strrchr.c
-o
srcs/ft_strrchr.o
-g
-Wall
-Werror
-Wextra
-c
srcs/ft_strlen.c
-o
srcs/ft_strlen.o
-g
-Wall
-Werror
-Wextra
-c
srcs/ft_strncmp.c
-o
srcs/ft_strncmp.o
-g
-Wall
-Werror
-Wextra
-c
srcs/ft_strnstr.c
-o
srcs/ft_strnstr.o
-g
-Wall
-Werror
-Wextra
-c
srcs/ft_strlcpy.c
-o
srcs/ft_strlcpy.o
-g
-Wall
-Werror
-Wextra
-c
srcs/ft_strlcat.c
-o
srcs/ft_strlcat.o
-g
-Wall
-Werror
-Wextra
-c
srcs/ft_bzero.c
-o
srcs/ft_bzero.o
-g
-Wall
-Werror
-Wextra
-c
srcs/ft_atoi.c
-o
srcs/ft_atoi.o
-g
-Wall
-Werror
-Wextra
-c
srcs/ft_strdup.c
-o
srcs/ft_strdup.o
-g
-Wall
-Werror
-Wextra
-c
srcs/ft_calloc.c
-o
srcs/ft_calloc.o
-g
-Wall
-Werror
-Wextra
-c
srcs/ft_substr.c
-o
srcs/ft_substr.o
-g
-Wall
-Werror
-Wextra
-c
srcs/ft_strjoin.c
-o
srcs/ft_strjoin.o
-g
-Wall
-Werror
-Wextra
-c
srcs/ft_strtrim.c
-o
srcs/ft_strtrim.o
-g
-Wall
-Werror
-Wextra
-c
srcs/ft_split.c
-o
srcs/ft_split.o
-g
-Wall
-Werror
-Wextra
-c
srcs/ft_itoa.c
-o
srcs/ft_itoa.o
-g
-Wall
-Werror
-Wextra
-o
libft
libft.c
-L.
-lft
-lbsd
